<?xml version="1.0" encoding="UTF-8"?>
<!-- Generated by org.testng.reporters.JUnitXMLReporter -->
<testsuite ignored="0" hostname="magicbook15" failures="0" tests="6" name="Test" time="87.406" errors="0" timestamp="2023-07-19T13:16:37 IST">
  <testcase classname="com.actimetime.testscript.ProjectModule" name="createProject" time="0.0"/>
  <testcase classname="com.actimetime.testscript.ProjectModule" name="modifyProject" time="0.002"/>
  <testcase classname="com.actimetime.testscript.TaskModule" name="createTask" time="0.002"/>
  <testcase classname="com.actimetime.testscript.TaskModule" name="modifyTask" time="0.0"/>
  <testcase classname="com.actimetime.testscript.CustomerModule" name="createCustomer" time="0.002"/>
  <testcase classname="com.actimetime.testscript.CustomerModule" name="modifyCustomer" time="0.0"/>
</testsuite> <!-- Test -->
